
Checking file list: MultiConfigurationsFeatureProc
==========================================
.C:\projekte\twoEars\twoears-data\sound_databases\IEEE_AASP\alert\alert11.wav
.C:\projekte\twoEars\twoears-data\sound_databases\IEEE_AASP\alert\alert05.wav
.C:\projekte\twoEars\twoears-data\sound_databases\IEEE_AASP\alert\alert12.wav
.C:\projekte\twoEars\twoears-data\sound_databases\IEEE_AASP\alert\alert03.wav
.C:\projekte\twoEars\twoears-data\sound_databases\IEEE_AASP\alert\alert16.wav
.C:\projekte\twoEars\twoears-data\sound_databases\IEEE_AASP\alert\alert21.wav
.C:\projekte\twoEars\twoears-data\sound_databases\IEEE_AASP\alert\alert20.wav
.C:\projekte\twoEars\twoears-data\sound_databases\IEEE_AASP\alert\alert17.wav
.C:\projekte\twoEars\twoears-data\sound_databases\IEEE_AASP\alert\alert08.wav
.C:\projekte\twoEars\twoears-data\sound_databases\IEEE_AASP\alert\alert10.wav
.C:\projekte\twoEars\twoears-data\sound_databases\IEEE_AASP\alert\alert02.wav
.C:\projekte\twoEars\twoears-data\sound_databases\IEEE_AASP\alert\alert18.wav
.C:\projekte\twoEars\twoears-data\sound_databases\IEEE_AASP\alert\alert06.wav
.C:\projekte\twoEars\twoears-data\sound_databases\IEEE_AASP\alert\alert01.wav
.C:\projekte\twoEars\twoears-data\sound_databases\IEEE_AASP\alert\alert04.wav
.C:\projekte\twoEars\twoears-data\sound_databases\IEEE_AASP\alert\alert19.wav
.C:\projekte\twoEars\twoears-data\sound_databases\IEEE_AASP\alert\alert22.wav
.C:\projekte\twoEars\twoears-data\sound_databases\IEEE_AASP\alert\alert14.wav
.C:\projekte\twoEars\twoears-data\sound_databases\IEEE_AASP\alert\alert09.wav
.C:\projekte\twoEars\twoears-data\sound_databases\IEEE_AASP\alert\alert15.wav
.C:\projekte\twoEars\twoears-data\sound_databases\IEEE_AASP\clearthroat\clearthroat15.wav
.C:\projekte\twoEars\twoears-data\sound_databases\IEEE_AASP\clearthroat\clearthroat09.wav
.C:\projekte\twoEars\twoears-data\sound_databases\IEEE_AASP\clearthroat\clearthroat18.wav
.C:\projekte\twoEars\twoears-data\sound_databases\IEEE_AASP\clearthroat\clearthroat01.wav
.C:\projekte\twoEars\twoears-data\sound_databases\IEEE_AASP\clearthroat\clearthroat08.wav
.C:\projekte\twoEars\twoears-data\sound_databases\IEEE_AASP\clearthroat\clearthroat10.wav
.C:\projekte\twoEars\twoears-data\sound_databases\IEEE_AASP\clearthroat\clearthroat03.wav
.C:\projekte\twoEars\twoears-data\sound_databases\IEEE_AASP\clearthroat\clearthroat21.wav
.C:\projekte\twoEars\twoears-data\sound_databases\IEEE_AASP\clearthroat\clearthroat05.wav
.C:\projekte\twoEars\twoears-data\sound_databases\IEEE_AASP\clearthroat\clearthroat19.wav
.C:\projekte\twoEars\twoears-data\sound_databases\IEEE_AASP\clearthroat\clearthroat13.wav
.C:\projekte\twoEars\twoears-data\sound_databases\IEEE_AASP\clearthroat\clearthroat07.wav
.C:\projekte\twoEars\twoears-data\sound_databases\IEEE_AASP\clearthroat\clearthroat14.wav
.C:\projekte\twoEars\twoears-data\sound_databases\IEEE_AASP\clearthroat\clearthroat20.wav
.C:\projekte\twoEars\twoears-data\sound_databases\IEEE_AASP\clearthroat\clearthroat06.wav
.C:\projekte\twoEars\twoears-data\sound_databases\IEEE_AASP\clearthroat\clearthroat02.wav
.C:\projekte\twoEars\twoears-data\sound_databases\IEEE_AASP\clearthroat\clearthroat17.wav
.C:\projekte\twoEars\twoears-data\sound_databases\IEEE_AASP\clearthroat\clearthroat04.wav
.C:\projekte\twoEars\twoears-data\sound_databases\IEEE_AASP\clearthroat\clearthroat16.wav
.C:\projekte\twoEars\twoears-data\sound_databases\IEEE_AASP\clearthroat\clearthroat12.wav
.C:\projekte\twoEars\twoears-data\sound_databases\IEEE_AASP\cough\cough12.wav
.C:\projekte\twoEars\twoears-data\sound_databases\IEEE_AASP\cough\cough13.wav
.C:\projekte\twoEars\twoears-data\sound_databases\IEEE_AASP\cough\cough04.wav
.C:\projekte\twoEars\twoears-data\sound_databases\IEEE_AASP\cough\cough19.wav
.C:\projekte\twoEars\twoears-data\sound_databases\IEEE_AASP\cough\cough16.wav
.C:\projekte\twoEars\twoears-data\sound_databases\IEEE_AASP\cough\cough02.wav
.C:\projekte\twoEars\twoears-data\sound_databases\IEEE_AASP\cough\cough11.wav
.C:\projekte\twoEars\twoears-data\sound_databases\IEEE_AASP\cough\cough08.wav
.C:\projekte\twoEars\twoears-data\sound_databases\IEEE_AASP\cough\cough17.wav
.C:\projekte\twoEars\twoears-data\sound_databases\IEEE_AASP\cough\cough05.wav
.C:\projekte\twoEars\twoears-data\sound_databases\IEEE_AASP\cough\cough06.wav
.C:\projekte\twoEars\twoears-data\sound_databases\IEEE_AASP\cough\cough10.wav
.C:\projekte\twoEars\twoears-data\sound_databases\IEEE_AASP\cough\cough14.wav
.C:\projekte\twoEars\twoears-data\sound_databases\IEEE_AASP\cough\cough18.wav
.C:\projekte\twoEars\twoears-data\sound_databases\IEEE_AASP\cough\cough20.wav
.C:\projekte\twoEars\twoears-data\sound_databases\IEEE_AASP\cough\cough07.wav
.C:\projekte\twoEars\twoears-data\sound_databases\IEEE_AASP\cough\cough15.wav
.C:\projekte\twoEars\twoears-data\sound_databases\IEEE_AASP\cough\cough09.wav
.C:\projekte\twoEars\twoears-data\sound_databases\IEEE_AASP\cough\cough01.wav
.C:\projekte\twoEars\twoears-data\sound_databases\IEEE_AASP\cough\cough21.wav
.C:\projekte\twoEars\twoears-data\sound_databases\IEEE_AASP\doorslam\doorslam11.wav
.C:\projekte\twoEars\twoears-data\sound_databases\IEEE_AASP\doorslam\doorslam06.wav
.C:\projekte\twoEars\twoears-data\sound_databases\IEEE_AASP\doorslam\doorslam15.wav
.C:\projekte\twoEars\twoears-data\sound_databases\IEEE_AASP\doorslam\doorslam12.wav
.C:\projekte\twoEars\twoears-data\sound_databases\IEEE_AASP\doorslam\doorslam13.wav
.C:\projekte\twoEars\twoears-data\sound_databases\IEEE_AASP\doorslam\doorslam18.wav
.C:\projekte\twoEars\twoears-data\sound_databases\IEEE_AASP\doorslam\doorslam20.wav
.C:\projekte\twoEars\twoears-data\sound_databases\IEEE_AASP\doorslam\doorslam19.wav
.C:\projekte\twoEars\twoears-data\sound_databases\IEEE_AASP\doorslam\doorslam17.wav
.C:\projekte\twoEars\twoears-data\sound_databases\IEEE_AASP\doorslam\doorslam08.wav
.C:\projekte\twoEars\twoears-data\sound_databases\IEEE_AASP\doorslam\doorslam03.wav
.C:\projekte\twoEars\twoears-data\sound_databases\IEEE_AASP\doorslam\doorslam07.wav
.C:\projekte\twoEars\twoears-data\sound_databases\IEEE_AASP\doorslam\doorslam10.wav
.C:\projekte\twoEars\twoears-data\sound_databases\IEEE_AASP\doorslam\doorslam05.wav
.C:\projekte\twoEars\twoears-data\sound_databases\IEEE_AASP\doorslam\doorslam04.wav
.C:\projekte\twoEars\twoears-data\sound_databases\IEEE_AASP\doorslam\doorslam14.wav
.C:\projekte\twoEars\twoears-data\sound_databases\IEEE_AASP\doorslam\doorslam16.wav
.C:\projekte\twoEars\twoears-data\sound_databases\IEEE_AASP\doorslam\doorslam02.wav
.C:\projekte\twoEars\twoears-data\sound_databases\IEEE_AASP\doorslam\doorslam01.wav
.C:\projekte\twoEars\twoears-data\sound_databases\IEEE_AASP\doorslam\doorslam09.wav
.C:\projekte\twoEars\twoears-data\sound_databases\IEEE_AASP\drawer\drawer14.wav
.C:\projekte\twoEars\twoears-data\sound_databases\IEEE_AASP\drawer\drawer18.wav
.C:\projekte\twoEars\twoears-data\sound_databases\IEEE_AASP\drawer\drawer12.wav
.C:\projekte\twoEars\twoears-data\sound_databases\IEEE_AASP\drawer\drawer05.wav
.C:\projekte\twoEars\twoears-data\sound_databases\IEEE_AASP\drawer\drawer04.wav
.C:\projekte\twoEars\twoears-data\sound_databases\IEEE_AASP\drawer\drawer11.wav
.C:\projekte\twoEars\twoears-data\sound_databases\IEEE_AASP\drawer\drawer16.wav
.C:\projekte\twoEars\twoears-data\sound_databases\IEEE_AASP\drawer\drawer19.wav
.C:\projekte\twoEars\twoears-data\sound_databases\IEEE_AASP\drawer\drawer21.wav
.C:\projekte\twoEars\twoears-data\sound_databases\IEEE_AASP\drawer\drawer06.wav
.C:\projekte\twoEars\twoears-data\sound_databases\IEEE_AASP\drawer\drawer22.wav
.C:\projekte\twoEars\twoears-data\sound_databases\IEEE_AASP\drawer\drawer03.wav
.C:\projekte\twoEars\twoears-data\sound_databases\IEEE_AASP\drawer\drawer10.wav
.C:\projekte\twoEars\twoears-data\sound_databases\IEEE_AASP\drawer\drawer07.wav
.C:\projekte\twoEars\twoears-data\sound_databases\IEEE_AASP\drawer\drawer17.wav
.C:\projekte\twoEars\twoears-data\sound_databases\IEEE_AASP\drawer\drawer08.wav
.C:\projekte\twoEars\twoears-data\sound_databases\IEEE_AASP\drawer\drawer09.wav
.C:\projekte\twoEars\twoears-data\sound_databases\IEEE_AASP\drawer\drawer20.wav
.C:\projekte\twoEars\twoears-data\sound_databases\IEEE_AASP\drawer\drawer13.wav
.C:\projekte\twoEars\twoears-data\sound_databases\IEEE_AASP\drawer\drawer15.wav
.C:\projekte\twoEars\twoears-data\sound_databases\IEEE_AASP\keyboard\keyboard05.wav
.C:\projekte\twoEars\twoears-data\sound_databases\IEEE_AASP\keyboard\keyboard20.wav
.C:\projekte\twoEars\twoears-data\sound_databases\IEEE_AASP\keyboard\keyboard15.wav
.C:\projekte\twoEars\twoears-data\sound_databases\IEEE_AASP\keyboard\keyboard02.wav
.C:\projekte\twoEars\twoears-data\sound_databases\IEEE_AASP\keyboard\keyboard21.wav
.C:\projekte\twoEars\twoears-data\sound_databases\IEEE_AASP\keyboard\keyboard14.wav
.C:\projekte\twoEars\twoears-data\sound_databases\IEEE_AASP\keyboard\keyboard09.wav
.C:\projekte\twoEars\twoears-data\sound_databases\IEEE_AASP\keyboard\keyboard08.wav
.C:\projekte\twoEars\twoears-data\sound_databases\IEEE_AASP\keyboard\keyboard10.wav
.C:\projekte\twoEars\twoears-data\sound_databases\IEEE_AASP\keyboard\keyboard17.wav
.C:\projekte\twoEars\twoears-data\sound_databases\IEEE_AASP\keyboard\keyboard11.wav
.C:\projekte\twoEars\twoears-data\sound_databases\IEEE_AASP\keyboard\keyboard06.wav
.C:\projekte\twoEars\twoears-data\sound_databases\IEEE_AASP\keyboard\keyboard19.wav
.C:\projekte\twoEars\twoears-data\sound_databases\IEEE_AASP\keyboard\keyboard12.wav
.C:\projekte\twoEars\twoears-data\sound_databases\IEEE_AASP\keyboard\keyboard04.wav
.C:\projekte\twoEars\twoears-data\sound_databases\IEEE_AASP\keyboard\keyboard07.wav
.C:\projekte\twoEars\twoears-data\sound_databases\IEEE_AASP\keyboard\keyboard18.wav
.C:\projekte\twoEars\twoears-data\sound_databases\IEEE_AASP\keyboard\keyboard01.wav
.C:\projekte\twoEars\twoears-data\sound_databases\IEEE_AASP\keyboard\keyboard16.wav
.C:\projekte\twoEars\twoears-data\sound_databases\IEEE_AASP\keyboard\keyboard13.wav
.C:\projekte\twoEars\twoears-data\sound_databases\IEEE_AASP\keys\keys16.wav
.C:\projekte\twoEars\twoears-data\sound_databases\IEEE_AASP\keys\keys17.wav
.C:\projekte\twoEars\twoears-data\sound_databases\IEEE_AASP\keys\keys08.wav
.C:\projekte\twoEars\twoears-data\sound_databases\IEEE_AASP\keys\keys13.wav
.C:\projekte\twoEars\twoears-data\sound_databases\IEEE_AASP\keys\keys07.wav
.C:\projekte\twoEars\twoears-data\sound_databases\IEEE_AASP\keys\keys12.wav
.C:\projekte\twoEars\twoears-data\sound_databases\IEEE_AASP\keys\keys19.wav
.C:\projekte\twoEars\twoears-data\sound_databases\IEEE_AASP\keys\keys15.wav
.C:\projekte\twoEars\twoears-data\sound_databases\IEEE_AASP\keys\keys14.wav
.C:\projekte\twoEars\twoears-data\sound_databases\IEEE_AASP\keys\keys09.wav
.C:\projekte\twoEars\twoears-data\sound_databases\IEEE_AASP\keys\keys18.wav
.C:\projekte\twoEars\twoears-data\sound_databases\IEEE_AASP\keys\keys01.wav
.C:\projekte\twoEars\twoears-data\sound_databases\IEEE_AASP\keys\keys05.wav
.C:\projekte\twoEars\twoears-data\sound_databases\IEEE_AASP\keys\keys20.wav
.C:\projekte\twoEars\twoears-data\sound_databases\IEEE_AASP\keys\keys10.wav
.C:\projekte\twoEars\twoears-data\sound_databases\IEEE_AASP\keys\keys02.wav
.C:\projekte\twoEars\twoears-data\sound_databases\IEEE_AASP\keys\keys06.wav
.C:\projekte\twoEars\twoears-data\sound_databases\IEEE_AASP\keys\keys11.wav
.C:\projekte\twoEars\twoears-data\sound_databases\IEEE_AASP\keys\keys03.wav
.C:\projekte\twoEars\twoears-data\sound_databases\IEEE_AASP\keys\keys04.wav
.C:\projekte\twoEars\twoears-data\sound_databases\IEEE_AASP\knock\knock19.wav
.C:\projekte\twoEars\twoears-data\sound_databases\IEEE_AASP\knock\knock13.wav
.C:\projekte\twoEars\twoears-data\sound_databases\IEEE_AASP\knock\knock04.wav
.C:\projekte\twoEars\twoears-data\sound_databases\IEEE_AASP\knock\knock12.wav
.C:\projekte\twoEars\twoears-data\sound_databases\IEEE_AASP\knock\knock18.wav
.C:\projekte\twoEars\twoears-data\sound_databases\IEEE_AASP\knock\knock10.wav
.C:\projekte\twoEars\twoears-data\sound_databases\IEEE_AASP\knock\knock05.wav
.C:\projekte\twoEars\twoears-data\sound_databases\IEEE_AASP\knock\knock16.wav
.C:\projekte\twoEars\twoears-data\sound_databases\IEEE_AASP\knock\knock01.wav
.C:\projekte\twoEars\twoears-data\sound_databases\IEEE_AASP\knock\knock09.wav
.C:\projekte\twoEars\twoears-data\sound_databases\IEEE_AASP\knock\knock08.wav
.C:\projekte\twoEars\twoears-data\sound_databases\IEEE_AASP\knock\knock03.wav
.C:\projekte\twoEars\twoears-data\sound_databases\IEEE_AASP\knock\knock07.wav
.C:\projekte\twoEars\twoears-data\sound_databases\IEEE_AASP\knock\knock21.wav
.C:\projekte\twoEars\twoears-data\sound_databases\IEEE_AASP\knock\knock11.wav
.C:\projekte\twoEars\twoears-data\sound_databases\IEEE_AASP\knock\knock20.wav
.C:\projekte\twoEars\twoears-data\sound_databases\IEEE_AASP\knock\knock15.wav
.C:\projekte\twoEars\twoears-data\sound_databases\IEEE_AASP\knock\knock17.wav
.C:\projekte\twoEars\twoears-data\sound_databases\IEEE_AASP\knock\knock02.wav
.C:\projekte\twoEars\twoears-data\sound_databases\IEEE_AASP\knock\knock06.wav
.C:\projekte\twoEars\twoears-data\sound_databases\IEEE_AASP\laughter\laughter13.wav
.C:\projekte\twoEars\twoears-data\sound_databases\IEEE_AASP\laughter\laughter11.wav
.C:\projekte\twoEars\twoears-data\sound_databases\IEEE_AASP\laughter\laughter01.wav
.C:\projekte\twoEars\twoears-data\sound_databases\IEEE_AASP\laughter\laughter07.wav
.C:\projekte\twoEars\twoears-data\sound_databases\IEEE_AASP\laughter\laughter12.wav
.C:\projekte\twoEars\twoears-data\sound_databases\IEEE_AASP\laughter\laughter04.wav
.C:\projekte\twoEars\twoears-data\sound_databases\IEEE_AASP\laughter\laughter23.wav
.C:\projekte\twoEars\twoears-data\sound_databases\IEEE_AASP\laughter\laughter18.wav
.C:\projekte\twoEars\twoears-data\sound_databases\IEEE_AASP\laughter\laughter03.wav
.C:\projekte\twoEars\twoears-data\sound_databases\IEEE_AASP\laughter\laughter09.wav
.C:\projekte\twoEars\twoears-data\sound_databases\IEEE_AASP\laughter\laughter06.wav
.C:\projekte\twoEars\twoears-data\sound_databases\IEEE_AASP\laughter\laughter19.wav
.C:\projekte\twoEars\twoears-data\sound_databases\IEEE_AASP\laughter\laughter20.wav
.C:\projekte\twoEars\twoears-data\sound_databases\IEEE_AASP\laughter\laughter24.wav
.C:\projekte\twoEars\twoears-data\sound_databases\IEEE_AASP\laughter\laughter08.wav
.C:\projekte\twoEars\twoears-data\sound_databases\IEEE_AASP\laughter\laughter02.wav
.C:\projekte\twoEars\twoears-data\sound_databases\IEEE_AASP\laughter\laughter21.wav
.C:\projekte\twoEars\twoears-data\sound_databases\IEEE_AASP\laughter\laughter14.wav
.C:\projekte\twoEars\twoears-data\sound_databases\IEEE_AASP\laughter\laughter22.wav
.C:\projekte\twoEars\twoears-data\sound_databases\IEEE_AASP\laughter\laughter16.wav
.C:\projekte\twoEars\twoears-data\sound_databases\IEEE_AASP\mouse\mouse18.wav
.C:\projekte\twoEars\twoears-data\sound_databases\IEEE_AASP\mouse\mouse21.wav
.C:\projekte\twoEars\twoears-data\sound_databases\IEEE_AASP\mouse\mouse01.wav
.C:\projekte\twoEars\twoears-data\sound_databases\IEEE_AASP\mouse\mouse12.wav
.C:\projekte\twoEars\twoears-data\sound_databases\IEEE_AASP\mouse\mouse22.wav
.C:\projekte\twoEars\twoears-data\sound_databases\IEEE_AASP\mouse\mouse13.wav
.C:\projekte\twoEars\twoears-data\sound_databases\IEEE_AASP\mouse\mouse14.wav
.C:\projekte\twoEars\twoears-data\sound_databases\IEEE_AASP\mouse\mouse15.wav
.C:\projekte\twoEars\twoears-data\sound_databases\IEEE_AASP\mouse\mouse03.wav
.C:\projekte\twoEars\twoears-data\sound_databases\IEEE_AASP\mouse\mouse04.wav
.C:\projekte\twoEars\twoears-data\sound_databases\IEEE_AASP\mouse\mouse08.wav
.C:\projekte\twoEars\twoears-data\sound_databases\IEEE_AASP\mouse\mouse05.wav
.C:\projekte\twoEars\twoears-data\sound_databases\IEEE_AASP\mouse\mouse11.wav
.C:\projekte\twoEars\twoears-data\sound_databases\IEEE_AASP\mouse\mouse20.wav
.C:\projekte\twoEars\twoears-data\sound_databases\IEEE_AASP\mouse\mouse09.wav
.C:\projekte\twoEars\twoears-data\sound_databases\IEEE_AASP\mouse\mouse10.wav
.C:\projekte\twoEars\twoears-data\sound_databases\IEEE_AASP\mouse\mouse07.wav
.C:\projekte\twoEars\twoears-data\sound_databases\IEEE_AASP\mouse\mouse06.wav
.C:\projekte\twoEars\twoears-data\sound_databases\IEEE_AASP\mouse\mouse02.wav
.C:\projekte\twoEars\twoears-data\sound_databases\IEEE_AASP\mouse\mouse17.wav
.C:\projekte\twoEars\twoears-data\sound_databases\IEEE_AASP\pageturn\pageturn15.wav
.C:\projekte\twoEars\twoears-data\sound_databases\IEEE_AASP\pageturn\pageturn09.wav
.C:\projekte\twoEars\twoears-data\sound_databases\IEEE_AASP\pageturn\pageturn21.wav
.C:\projekte\twoEars\twoears-data\sound_databases\IEEE_AASP\pageturn\pageturn03.wav
.C:\projekte\twoEars\twoears-data\sound_databases\IEEE_AASP\pageturn\pageturn07.wav
.C:\projekte\twoEars\twoears-data\sound_databases\IEEE_AASP\pageturn\pageturn14.wav
.C:\projekte\twoEars\twoears-data\sound_databases\IEEE_AASP\pageturn\pageturn16.wav
.C:\projekte\twoEars\twoears-data\sound_databases\IEEE_AASP\pageturn\pageturn12.wav
.C:\projekte\twoEars\twoears-data\sound_databases\IEEE_AASP\pageturn\pageturn17.wav
.C:\projekte\twoEars\twoears-data\sound_databases\IEEE_AASP\pageturn\pageturn01.wav
.C:\projekte\twoEars\twoears-data\sound_databases\IEEE_AASP\pageturn\pageturn11.wav
.C:\projekte\twoEars\twoears-data\sound_databases\IEEE_AASP\pageturn\pageturn02.wav
.C:\projekte\twoEars\twoears-data\sound_databases\IEEE_AASP\pageturn\pageturn19.wav
.C:\projekte\twoEars\twoears-data\sound_databases\IEEE_AASP\pageturn\pageturn10.wav
.C:\projekte\twoEars\twoears-data\sound_databases\IEEE_AASP\pageturn\pageturn18.wav
.C:\projekte\twoEars\twoears-data\sound_databases\IEEE_AASP\pageturn\pageturn08.wav
.C:\projekte\twoEars\twoears-data\sound_databases\IEEE_AASP\pageturn\pageturn06.wav
.C:\projekte\twoEars\twoears-data\sound_databases\IEEE_AASP\pageturn\pageturn04.wav
.C:\projekte\twoEars\twoears-data\sound_databases\IEEE_AASP\pageturn\pageturn20.wav
.C:\projekte\twoEars\twoears-data\sound_databases\IEEE_AASP\pageturn\pageturn22.wav
.C:\projekte\twoEars\twoears-data\sound_databases\IEEE_AASP\pendrop\pendrop16.wav
.C:\projekte\twoEars\twoears-data\sound_databases\IEEE_AASP\pendrop\pendrop18.wav
.C:\projekte\twoEars\twoears-data\sound_databases\IEEE_AASP\pendrop\pendrop02.wav
.C:\projekte\twoEars\twoears-data\sound_databases\IEEE_AASP\pendrop\pendrop07.wav
.C:\projekte\twoEars\twoears-data\sound_databases\IEEE_AASP\pendrop\pendrop12.wav
.C:\projekte\twoEars\twoears-data\sound_databases\IEEE_AASP\pendrop\pendrop01.wav
.C:\projekte\twoEars\twoears-data\sound_databases\IEEE_AASP\pendrop\pendrop14.wav
.C:\projekte\twoEars\twoears-data\sound_databases\IEEE_AASP\pendrop\pendrop20.wav
.C:\projekte\twoEars\twoears-data\sound_databases\IEEE_AASP\pendrop\pendrop05.wav
.C:\projekte\twoEars\twoears-data\sound_databases\IEEE_AASP\pendrop\pendrop15.wav
.C:\projekte\twoEars\twoears-data\sound_databases\IEEE_AASP\pendrop\pendrop04.wav
.C:\projekte\twoEars\twoears-data\sound_databases\IEEE_AASP\pendrop\pendrop06.wav
.C:\projekte\twoEars\twoears-data\sound_databases\IEEE_AASP\pendrop\pendrop08.wav
.C:\projekte\twoEars\twoears-data\sound_databases\IEEE_AASP\pendrop\pendrop17.wav
.C:\projekte\twoEars\twoears-data\sound_databases\IEEE_AASP\pendrop\pendrop10.wav
.C:\projekte\twoEars\twoears-data\sound_databases\IEEE_AASP\pendrop\pendrop09.wav
.C:\projekte\twoEars\twoears-data\sound_databases\IEEE_AASP\pendrop\pendrop19.wav
.C:\projekte\twoEars\twoears-data\sound_databases\IEEE_AASP\pendrop\pendrop21.wav
.C:\projekte\twoEars\twoears-data\sound_databases\IEEE_AASP\pendrop\pendrop11.wav
.C:\projekte\twoEars\twoears-data\sound_databases\IEEE_AASP\pendrop\pendrop03.wav
.C:\projekte\twoEars\twoears-data\sound_databases\IEEE_AASP\phone\phone03.wav
.C:\projekte\twoEars\twoears-data\sound_databases\IEEE_AASP\phone\phone05.wav
.C:\projekte\twoEars\twoears-data\sound_databases\IEEE_AASP\phone\phone07.wav
.C:\projekte\twoEars\twoears-data\sound_databases\IEEE_AASP\phone\phone08.wav
.C:\projekte\twoEars\twoears-data\sound_databases\IEEE_AASP\phone\phone02.wav
.C:\projekte\twoEars\twoears-data\sound_databases\IEEE_AASP\phone\phone12.wav
.C:\projekte\twoEars\twoears-data\sound_databases\IEEE_AASP\phone\phone09.wav
.C:\projekte\twoEars\twoears-data\sound_databases\IEEE_AASP\phone\phone16.wav
.C:\projekte\twoEars\twoears-data\sound_databases\IEEE_AASP\phone\phone21.wav
.C:\projekte\twoEars\twoears-data\sound_databases\IEEE_AASP\phone\phone17.wav
.C:\projekte\twoEars\twoears-data\sound_databases\IEEE_AASP\phone\phone11.wav
.C:\projekte\twoEars\twoears-data\sound_databases\IEEE_AASP\phone\phone15.wav
.C:\projekte\twoEars\twoears-data\sound_databases\IEEE_AASP\phone\phone10.wav
.C:\projekte\twoEars\twoears-data\sound_databases\IEEE_AASP\phone\phone19.wav
.C:\projekte\twoEars\twoears-data\sound_databases\IEEE_AASP\phone\phone13.wav
.C:\projekte\twoEars\twoears-data\sound_databases\IEEE_AASP\phone\phone18.wav
.C:\projekte\twoEars\twoears-data\sound_databases\IEEE_AASP\phone\phone04.wav
.C:\projekte\twoEars\twoears-data\sound_databases\IEEE_AASP\phone\phone06.wav
.C:\projekte\twoEars\twoears-data\sound_databases\IEEE_AASP\phone\phone20.wav
.C:\projekte\twoEars\twoears-data\sound_databases\IEEE_AASP\phone\phone01.wav
.C:\projekte\twoEars\twoears-data\sound_databases\IEEE_AASP\speech\speech11.wav
.C:\projekte\twoEars\twoears-data\sound_databases\IEEE_AASP\speech\speech09.wav
.C:\projekte\twoEars\twoears-data\sound_databases\IEEE_AASP\speech\speech17.wav
.C:\projekte\twoEars\twoears-data\sound_databases\IEEE_AASP\speech\speech02.wav
.C:\projekte\twoEars\twoears-data\sound_databases\IEEE_AASP\speech\speech05.wav
.C:\projekte\twoEars\twoears-data\sound_databases\IEEE_AASP\speech\speech06.wav
.C:\projekte\twoEars\twoears-data\sound_databases\IEEE_AASP\speech\speech04.wav
.C:\projekte\twoEars\twoears-data\sound_databases\IEEE_AASP\speech\speech15.wav
.C:\projekte\twoEars\twoears-data\sound_databases\IEEE_AASP\speech\speech03.wav
.C:\projekte\twoEars\twoears-data\sound_databases\IEEE_AASP\speech\speech01.wav
.C:\projekte\twoEars\twoears-data\sound_databases\IEEE_AASP\speech\speech08.wav
.C:\projekte\twoEars\twoears-data\sound_databases\IEEE_AASP\speech\speech19.wav
.C:\projekte\twoEars\twoears-data\sound_databases\IEEE_AASP\speech\speech14.wav
.C:\projekte\twoEars\twoears-data\sound_databases\IEEE_AASP\speech\speech07.wav
.C:\projekte\twoEars\twoears-data\sound_databases\IEEE_AASP\speech\speech13.wav
.C:\projekte\twoEars\twoears-data\sound_databases\IEEE_AASP\speech\speech10.wav
.C:\projekte\twoEars\twoears-data\sound_databases\IEEE_AASP\speech\speech20.wav
.C:\projekte\twoEars\twoears-data\sound_databases\IEEE_AASP\speech\speech16.wav
.C:\projekte\twoEars\twoears-data\sound_databases\IEEE_AASP\speech\speech18.wav
.C:\projekte\twoEars\twoears-data\sound_databases\IEEE_AASP\speech\speech12.wav
.C:\projekte\twoEars\twoears-data\sound_databases\IEEE_AASP\switch\switch10.wav
.C:\projekte\twoEars\twoears-data\sound_databases\IEEE_AASP\switch\switch15.wav
.C:\projekte\twoEars\twoears-data\sound_databases\IEEE_AASP\switch\switch16.wav
.C:\projekte\twoEars\twoears-data\sound_databases\IEEE_AASP\switch\switch04.wav
.C:\projekte\twoEars\twoears-data\sound_databases\IEEE_AASP\switch\switch03.wav
.C:\projekte\twoEars\twoears-data\sound_databases\IEEE_AASP\switch\switch17.wav
.C:\projekte\twoEars\twoears-data\sound_databases\IEEE_AASP\switch\switch14.wav
.C:\projekte\twoEars\twoears-data\sound_databases\IEEE_AASP\switch\switch01.wav
.C:\projekte\twoEars\twoears-data\sound_databases\IEEE_AASP\switch\switch13.wav
.C:\projekte\twoEars\twoears-data\sound_databases\IEEE_AASP\switch\switch11.wav
.C:\projekte\twoEars\twoears-data\sound_databases\IEEE_AASP\switch\switch18.wav
.C:\projekte\twoEars\twoears-data\sound_databases\IEEE_AASP\switch\switch19.wav
.C:\projekte\twoEars\twoears-data\sound_databases\IEEE_AASP\switch\switch05.wav
.C:\projekte\twoEars\twoears-data\sound_databases\IEEE_AASP\switch\switch08.wav
.C:\projekte\twoEars\twoears-data\sound_databases\IEEE_AASP\switch\switch12.wav
.C:\projekte\twoEars\twoears-data\sound_databases\IEEE_AASP\switch\switch02.wav
.C:\projekte\twoEars\twoears-data\sound_databases\IEEE_AASP\switch\switch06.wav
.C:\projekte\twoEars\twoears-data\sound_databases\IEEE_AASP\switch\switch09.wav
.C:\projekte\twoEars\twoears-data\sound_databases\IEEE_AASP\switch\switch20.wav
.C:\projekte\twoEars\twoears-data\sound_databases\IEEE_AASP\switch\switch07.wav
.C:\projekte\twoEars\twoears-data\sound_databases\IEEE_AASP\void\void16.wav
.C:\projekte\twoEars\twoears-data\sound_databases\IEEE_AASP\void\void05.wav
.C:\projekte\twoEars\twoears-data\sound_databases\IEEE_AASP\void\void15.wav
.C:\projekte\twoEars\twoears-data\sound_databases\IEEE_AASP\void\void20.wav
.C:\projekte\twoEars\twoears-data\sound_databases\IEEE_AASP\void\void08.wav
.C:\projekte\twoEars\twoears-data\sound_databases\IEEE_AASP\void\void04.wav
.C:\projekte\twoEars\twoears-data\sound_databases\IEEE_AASP\void\void13.wav
.C:\projekte\twoEars\twoears-data\sound_databases\IEEE_AASP\void\void14.wav
.C:\projekte\twoEars\twoears-data\sound_databases\IEEE_AASP\void\void09.wav
.C:\projekte\twoEars\twoears-data\sound_databases\IEEE_AASP\void\void12.wav
.C:\projekte\twoEars\twoears-data\sound_databases\IEEE_AASP\void\void21.wav
.C:\projekte\twoEars\twoears-data\sound_databases\IEEE_AASP\void\void10.wav
.C:\projekte\twoEars\twoears-data\sound_databases\IEEE_AASP\void\void02.wav
.C:\projekte\twoEars\twoears-data\sound_databases\IEEE_AASP\void\void03.wav
.C:\projekte\twoEars\twoears-data\sound_databases\IEEE_AASP\void\void01.wav
.C:\projekte\twoEars\twoears-data\sound_databases\IEEE_AASP\void\void19.wav
.C:\projekte\twoEars\twoears-data\sound_databases\IEEE_AASP\void\void07.wav
.C:\projekte\twoEars\twoears-data\sound_databases\IEEE_AASP\void\void11.wav
.C:\projekte\twoEars\twoears-data\sound_databases\IEEE_AASP\void\void06.wav
.C:\projekte\twoEars\twoears-data\sound_databases\IEEE_AASP\void\void17.wav
.C:\projekte\twoEars\twoears-data\sound_databases\IEEE_AASP\void\void18.wav
..;

Checking file list: MultiConfigurationsAFEmodule
==========================================
..;

Checking file list: MultiConfigurationsEarSignalProc
==========================================
..;

Running: MultiConfigurationsEarSignalProc
==========================================
..;

Running: MultiConfigurationsAFEmodule
==========================================
..;

Running: MultiConfigurationsFeatureProc
==========================================
..;

Running: GatherFeaturesProc
==========================================
.C:\projekte\twoEars\twoears-data\sound_databases\IEEE_AASP\alert\alert11.wav .;
.C:\projekte\twoEars\twoears-data\sound_databases\IEEE_AASP\alert\alert05.wav .;
.C:\projekte\twoEars\twoears-data\sound_databases\IEEE_AASP\alert\alert12.wav .;
.C:\projekte\twoEars\twoears-data\sound_databases\IEEE_AASP\alert\alert03.wav .;
.C:\projekte\twoEars\twoears-data\sound_databases\IEEE_AASP\alert\alert16.wav .;
.C:\projekte\twoEars\twoears-data\sound_databases\IEEE_AASP\alert\alert21.wav .;
.C:\projekte\twoEars\twoears-data\sound_databases\IEEE_AASP\alert\alert20.wav .;
.C:\projekte\twoEars\twoears-data\sound_databases\IEEE_AASP\alert\alert17.wav .;
.C:\projekte\twoEars\twoears-data\sound_databases\IEEE_AASP\alert\alert08.wav .;
.C:\projekte\twoEars\twoears-data\sound_databases\IEEE_AASP\alert\alert10.wav .;
.C:\projekte\twoEars\twoears-data\sound_databases\IEEE_AASP\alert\alert02.wav .;
.C:\projekte\twoEars\twoears-data\sound_databases\IEEE_AASP\alert\alert18.wav .;
.C:\projekte\twoEars\twoears-data\sound_databases\IEEE_AASP\alert\alert06.wav .;
.C:\projekte\twoEars\twoears-data\sound_databases\IEEE_AASP\alert\alert01.wav .;
.C:\projekte\twoEars\twoears-data\sound_databases\IEEE_AASP\alert\alert04.wav .;
.C:\projekte\twoEars\twoears-data\sound_databases\IEEE_AASP\alert\alert19.wav .;
.C:\projekte\twoEars\twoears-data\sound_databases\IEEE_AASP\alert\alert22.wav .;
.C:\projekte\twoEars\twoears-data\sound_databases\IEEE_AASP\alert\alert14.wav .;
.C:\projekte\twoEars\twoears-data\sound_databases\IEEE_AASP\alert\alert09.wav .;
.C:\projekte\twoEars\twoears-data\sound_databases\IEEE_AASP\alert\alert15.wav .;
.C:\projekte\twoEars\twoears-data\sound_databases\IEEE_AASP\clearthroat\clearthroat15.wav .;
.C:\projekte\twoEars\twoears-data\sound_databases\IEEE_AASP\clearthroat\clearthroat09.wav .;
.C:\projekte\twoEars\twoears-data\sound_databases\IEEE_AASP\clearthroat\clearthroat18.wav .;
.C:\projekte\twoEars\twoears-data\sound_databases\IEEE_AASP\clearthroat\clearthroat01.wav .;
.C:\projekte\twoEars\twoears-data\sound_databases\IEEE_AASP\clearthroat\clearthroat08.wav .;
.C:\projekte\twoEars\twoears-data\sound_databases\IEEE_AASP\clearthroat\clearthroat10.wav .;
.C:\projekte\twoEars\twoears-data\sound_databases\IEEE_AASP\clearthroat\clearthroat03.wav .;
.C:\projekte\twoEars\twoears-data\sound_databases\IEEE_AASP\clearthroat\clearthroat21.wav .;
.C:\projekte\twoEars\twoears-data\sound_databases\IEEE_AASP\clearthroat\clearthroat05.wav .;
.C:\projekte\twoEars\twoears-data\sound_databases\IEEE_AASP\clearthroat\clearthroat19.wav .;
.C:\projekte\twoEars\twoears-data\sound_databases\IEEE_AASP\clearthroat\clearthroat13.wav .;
.C:\projekte\twoEars\twoears-data\sound_databases\IEEE_AASP\clearthroat\clearthroat07.wav .;
.C:\projekte\twoEars\twoears-data\sound_databases\IEEE_AASP\clearthroat\clearthroat14.wav .;
.C:\projekte\twoEars\twoears-data\sound_databases\IEEE_AASP\clearthroat\clearthroat20.wav .;
.C:\projekte\twoEars\twoears-data\sound_databases\IEEE_AASP\clearthroat\clearthroat06.wav .;
.C:\projekte\twoEars\twoears-data\sound_databases\IEEE_AASP\clearthroat\clearthroat02.wav .;
.C:\projekte\twoEars\twoears-data\sound_databases\IEEE_AASP\clearthroat\clearthroat17.wav .;
.C:\projekte\twoEars\twoears-data\sound_databases\IEEE_AASP\clearthroat\clearthroat04.wav .;
.C:\projekte\twoEars\twoears-data\sound_databases\IEEE_AASP\clearthroat\clearthroat16.wav .;
.C:\projekte\twoEars\twoears-data\sound_databases\IEEE_AASP\clearthroat\clearthroat12.wav .;
.C:\projekte\twoEars\twoears-data\sound_databases\IEEE_AASP\cough\cough12.wav .;
.C:\projekte\twoEars\twoears-data\sound_databases\IEEE_AASP\cough\cough13.wav .;
.C:\projekte\twoEars\twoears-data\sound_databases\IEEE_AASP\cough\cough04.wav .;
.C:\projekte\twoEars\twoears-data\sound_databases\IEEE_AASP\cough\cough19.wav .;
.C:\projekte\twoEars\twoears-data\sound_databases\IEEE_AASP\cough\cough16.wav .;
.C:\projekte\twoEars\twoears-data\sound_databases\IEEE_AASP\cough\cough02.wav .;
.C:\projekte\twoEars\twoears-data\sound_databases\IEEE_AASP\cough\cough11.wav .;
.C:\projekte\twoEars\twoears-data\sound_databases\IEEE_AASP\cough\cough08.wav .;
.C:\projekte\twoEars\twoears-data\sound_databases\IEEE_AASP\cough\cough17.wav .;
.C:\projekte\twoEars\twoears-data\sound_databases\IEEE_AASP\cough\cough05.wav .;
.C:\projekte\twoEars\twoears-data\sound_databases\IEEE_AASP\cough\cough06.wav .;
.C:\projekte\twoEars\twoears-data\sound_databases\IEEE_AASP\cough\cough10.wav .;
.C:\projekte\twoEars\twoears-data\sound_databases\IEEE_AASP\cough\cough14.wav .;
.C:\projekte\twoEars\twoears-data\sound_databases\IEEE_AASP\cough\cough18.wav .;
.C:\projekte\twoEars\twoears-data\sound_databases\IEEE_AASP\cough\cough20.wav .;
.C:\projekte\twoEars\twoears-data\sound_databases\IEEE_AASP\cough\cough07.wav .;
.C:\projekte\twoEars\twoears-data\sound_databases\IEEE_AASP\cough\cough15.wav .;
.C:\projekte\twoEars\twoears-data\sound_databases\IEEE_AASP\cough\cough09.wav .;
.C:\projekte\twoEars\twoears-data\sound_databases\IEEE_AASP\cough\cough01.wav .;
.C:\projekte\twoEars\twoears-data\sound_databases\IEEE_AASP\cough\cough21.wav .;
.C:\projekte\twoEars\twoears-data\sound_databases\IEEE_AASP\doorslam\doorslam11.wav .;
.C:\projekte\twoEars\twoears-data\sound_databases\IEEE_AASP\doorslam\doorslam06.wav .;
.C:\projekte\twoEars\twoears-data\sound_databases\IEEE_AASP\doorslam\doorslam15.wav .;
.C:\projekte\twoEars\twoears-data\sound_databases\IEEE_AASP\doorslam\doorslam12.wav .;
.C:\projekte\twoEars\twoears-data\sound_databases\IEEE_AASP\doorslam\doorslam13.wav .;
.C:\projekte\twoEars\twoears-data\sound_databases\IEEE_AASP\doorslam\doorslam18.wav .;
.C:\projekte\twoEars\twoears-data\sound_databases\IEEE_AASP\doorslam\doorslam20.wav .;
.C:\projekte\twoEars\twoears-data\sound_databases\IEEE_AASP\doorslam\doorslam19.wav .;
.C:\projekte\twoEars\twoears-data\sound_databases\IEEE_AASP\doorslam\doorslam17.wav .;
.C:\projekte\twoEars\twoears-data\sound_databases\IEEE_AASP\doorslam\doorslam08.wav .;
.C:\projekte\twoEars\twoears-data\sound_databases\IEEE_AASP\doorslam\doorslam03.wav .;
.C:\projekte\twoEars\twoears-data\sound_databases\IEEE_AASP\doorslam\doorslam07.wav .;
.C:\projekte\twoEars\twoears-data\sound_databases\IEEE_AASP\doorslam\doorslam10.wav .;
.C:\projekte\twoEars\twoears-data\sound_databases\IEEE_AASP\doorslam\doorslam05.wav .;
.C:\projekte\twoEars\twoears-data\sound_databases\IEEE_AASP\doorslam\doorslam04.wav .;
.C:\projekte\twoEars\twoears-data\sound_databases\IEEE_AASP\doorslam\doorslam14.wav .;
.C:\projekte\twoEars\twoears-data\sound_databases\IEEE_AASP\doorslam\doorslam16.wav .;
.C:\projekte\twoEars\twoears-data\sound_databases\IEEE_AASP\doorslam\doorslam02.wav .;
.C:\projekte\twoEars\twoears-data\sound_databases\IEEE_AASP\doorslam\doorslam01.wav .;
.C:\projekte\twoEars\twoears-data\sound_databases\IEEE_AASP\doorslam\doorslam09.wav .;
.C:\projekte\twoEars\twoears-data\sound_databases\IEEE_AASP\drawer\drawer14.wav .;
.C:\projekte\twoEars\twoears-data\sound_databases\IEEE_AASP\drawer\drawer18.wav .;
.C:\projekte\twoEars\twoears-data\sound_databases\IEEE_AASP\drawer\drawer12.wav .;
.C:\projekte\twoEars\twoears-data\sound_databases\IEEE_AASP\drawer\drawer05.wav .;
.C:\projekte\twoEars\twoears-data\sound_databases\IEEE_AASP\drawer\drawer04.wav .;
.C:\projekte\twoEars\twoears-data\sound_databases\IEEE_AASP\drawer\drawer11.wav .;
.C:\projekte\twoEars\twoears-data\sound_databases\IEEE_AASP\drawer\drawer16.wav .;
.C:\projekte\twoEars\twoears-data\sound_databases\IEEE_AASP\drawer\drawer19.wav .;
.C:\projekte\twoEars\twoears-data\sound_databases\IEEE_AASP\drawer\drawer21.wav .;
.C:\projekte\twoEars\twoears-data\sound_databases\IEEE_AASP\drawer\drawer06.wav .;
.C:\projekte\twoEars\twoears-data\sound_databases\IEEE_AASP\drawer\drawer22.wav .;
.C:\projekte\twoEars\twoears-data\sound_databases\IEEE_AASP\drawer\drawer03.wav .;
.C:\projekte\twoEars\twoears-data\sound_databases\IEEE_AASP\drawer\drawer10.wav .;
.C:\projekte\twoEars\twoears-data\sound_databases\IEEE_AASP\drawer\drawer07.wav .;
.C:\projekte\twoEars\twoears-data\sound_databases\IEEE_AASP\drawer\drawer17.wav .;
.C:\projekte\twoEars\twoears-data\sound_databases\IEEE_AASP\drawer\drawer08.wav .;
.C:\projekte\twoEars\twoears-data\sound_databases\IEEE_AASP\drawer\drawer09.wav .;
.C:\projekte\twoEars\twoears-data\sound_databases\IEEE_AASP\drawer\drawer20.wav .;
.C:\projekte\twoEars\twoears-data\sound_databases\IEEE_AASP\drawer\drawer13.wav .;
.C:\projekte\twoEars\twoears-data\sound_databases\IEEE_AASP\drawer\drawer15.wav .;
.C:\projekte\twoEars\twoears-data\sound_databases\IEEE_AASP\keyboard\keyboard05.wav .;
.C:\projekte\twoEars\twoears-data\sound_databases\IEEE_AASP\keyboard\keyboard20.wav .;
.C:\projekte\twoEars\twoears-data\sound_databases\IEEE_AASP\keyboard\keyboard15.wav .;
.C:\projekte\twoEars\twoears-data\sound_databases\IEEE_AASP\keyboard\keyboard02.wav .;
.C:\projekte\twoEars\twoears-data\sound_databases\IEEE_AASP\keyboard\keyboard21.wav .;
.C:\projekte\twoEars\twoears-data\sound_databases\IEEE_AASP\keyboard\keyboard14.wav .;
.C:\projekte\twoEars\twoears-data\sound_databases\IEEE_AASP\keyboard\keyboard09.wav .;
.C:\projekte\twoEars\twoears-data\sound_databases\IEEE_AASP\keyboard\keyboard08.wav .;
.C:\projekte\twoEars\twoears-data\sound_databases\IEEE_AASP\keyboard\keyboard10.wav .;
.C:\projekte\twoEars\twoears-data\sound_databases\IEEE_AASP\keyboard\keyboard17.wav .;
.C:\projekte\twoEars\twoears-data\sound_databases\IEEE_AASP\keyboard\keyboard11.wav .;
.C:\projekte\twoEars\twoears-data\sound_databases\IEEE_AASP\keyboard\keyboard06.wav .;
.C:\projekte\twoEars\twoears-data\sound_databases\IEEE_AASP\keyboard\keyboard19.wav .;
.C:\projekte\twoEars\twoears-data\sound_databases\IEEE_AASP\keyboard\keyboard12.wav .;
.C:\projekte\twoEars\twoears-data\sound_databases\IEEE_AASP\keyboard\keyboard04.wav .;
.C:\projekte\twoEars\twoears-data\sound_databases\IEEE_AASP\keyboard\keyboard07.wav .;
.C:\projekte\twoEars\twoears-data\sound_databases\IEEE_AASP\keyboard\keyboard18.wav .;
.C:\projekte\twoEars\twoears-data\sound_databases\IEEE_AASP\keyboard\keyboard01.wav .;
.C:\projekte\twoEars\twoears-data\sound_databases\IEEE_AASP\keyboard\keyboard16.wav .;
.C:\projekte\twoEars\twoears-data\sound_databases\IEEE_AASP\keyboard\keyboard13.wav .;
.C:\projekte\twoEars\twoears-data\sound_databases\IEEE_AASP\keys\keys16.wav .;
.C:\projekte\twoEars\twoears-data\sound_databases\IEEE_AASP\keys\keys17.wav .;
.C:\projekte\twoEars\twoears-data\sound_databases\IEEE_AASP\keys\keys08.wav .;
.C:\projekte\twoEars\twoears-data\sound_databases\IEEE_AASP\keys\keys13.wav .;
.C:\projekte\twoEars\twoears-data\sound_databases\IEEE_AASP\keys\keys07.wav .;
.C:\projekte\twoEars\twoears-data\sound_databases\IEEE_AASP\keys\keys12.wav .;
.C:\projekte\twoEars\twoears-data\sound_databases\IEEE_AASP\keys\keys19.wav .;
.C:\projekte\twoEars\twoears-data\sound_databases\IEEE_AASP\keys\keys15.wav .;
.C:\projekte\twoEars\twoears-data\sound_databases\IEEE_AASP\keys\keys14.wav .;
.C:\projekte\twoEars\twoears-data\sound_databases\IEEE_AASP\keys\keys09.wav .;
.C:\projekte\twoEars\twoears-data\sound_databases\IEEE_AASP\keys\keys18.wav .;
.C:\projekte\twoEars\twoears-data\sound_databases\IEEE_AASP\keys\keys01.wav .;
.C:\projekte\twoEars\twoears-data\sound_databases\IEEE_AASP\keys\keys05.wav .;
.C:\projekte\twoEars\twoears-data\sound_databases\IEEE_AASP\keys\keys20.wav .;
.C:\projekte\twoEars\twoears-data\sound_databases\IEEE_AASP\keys\keys10.wav .;
.C:\projekte\twoEars\twoears-data\sound_databases\IEEE_AASP\keys\keys02.wav .;
.C:\projekte\twoEars\twoears-data\sound_databases\IEEE_AASP\keys\keys06.wav .;
.C:\projekte\twoEars\twoears-data\sound_databases\IEEE_AASP\keys\keys11.wav .;
.C:\projekte\twoEars\twoears-data\sound_databases\IEEE_AASP\keys\keys03.wav .;
.C:\projekte\twoEars\twoears-data\sound_databases\IEEE_AASP\keys\keys04.wav .;
.C:\projekte\twoEars\twoears-data\sound_databases\IEEE_AASP\knock\knock19.wav .;
.C:\projekte\twoEars\twoears-data\sound_databases\IEEE_AASP\knock\knock13.wav .;
.C:\projekte\twoEars\twoears-data\sound_databases\IEEE_AASP\knock\knock04.wav .;
.C:\projekte\twoEars\twoears-data\sound_databases\IEEE_AASP\knock\knock12.wav .;
.C:\projekte\twoEars\twoears-data\sound_databases\IEEE_AASP\knock\knock18.wav .;
.C:\projekte\twoEars\twoears-data\sound_databases\IEEE_AASP\knock\knock10.wav .;
.C:\projekte\twoEars\twoears-data\sound_databases\IEEE_AASP\knock\knock05.wav .;
.C:\projekte\twoEars\twoears-data\sound_databases\IEEE_AASP\knock\knock16.wav .;
.C:\projekte\twoEars\twoears-data\sound_databases\IEEE_AASP\knock\knock01.wav .;
.C:\projekte\twoEars\twoears-data\sound_databases\IEEE_AASP\knock\knock09.wav .;
.C:\projekte\twoEars\twoears-data\sound_databases\IEEE_AASP\knock\knock08.wav .;
.C:\projekte\twoEars\twoears-data\sound_databases\IEEE_AASP\knock\knock03.wav .;
.C:\projekte\twoEars\twoears-data\sound_databases\IEEE_AASP\knock\knock07.wav .;
.C:\projekte\twoEars\twoears-data\sound_databases\IEEE_AASP\knock\knock21.wav .;
.C:\projekte\twoEars\twoears-data\sound_databases\IEEE_AASP\knock\knock11.wav .;
.C:\projekte\twoEars\twoears-data\sound_databases\IEEE_AASP\knock\knock20.wav .;
.C:\projekte\twoEars\twoears-data\sound_databases\IEEE_AASP\knock\knock15.wav .;
.C:\projekte\twoEars\twoears-data\sound_databases\IEEE_AASP\knock\knock17.wav .;
.C:\projekte\twoEars\twoears-data\sound_databases\IEEE_AASP\knock\knock02.wav .;
.C:\projekte\twoEars\twoears-data\sound_databases\IEEE_AASP\knock\knock06.wav .;
.C:\projekte\twoEars\twoears-data\sound_databases\IEEE_AASP\laughter\laughter13.wav .;
.C:\projekte\twoEars\twoears-data\sound_databases\IEEE_AASP\laughter\laughter11.wav .;
.C:\projekte\twoEars\twoears-data\sound_databases\IEEE_AASP\laughter\laughter01.wav .;
.C:\projekte\twoEars\twoears-data\sound_databases\IEEE_AASP\laughter\laughter07.wav .;
.C:\projekte\twoEars\twoears-data\sound_databases\IEEE_AASP\laughter\laughter12.wav .;
.C:\projekte\twoEars\twoears-data\sound_databases\IEEE_AASP\laughter\laughter04.wav .;
.C:\projekte\twoEars\twoears-data\sound_databases\IEEE_AASP\laughter\laughter23.wav .;
.C:\projekte\twoEars\twoears-data\sound_databases\IEEE_AASP\laughter\laughter18.wav .;
.C:\projekte\twoEars\twoears-data\sound_databases\IEEE_AASP\laughter\laughter03.wav .;
.C:\projekte\twoEars\twoears-data\sound_databases\IEEE_AASP\laughter\laughter09.wav .;
.C:\projekte\twoEars\twoears-data\sound_databases\IEEE_AASP\laughter\laughter06.wav .;
.C:\projekte\twoEars\twoears-data\sound_databases\IEEE_AASP\laughter\laughter19.wav .;
.C:\projekte\twoEars\twoears-data\sound_databases\IEEE_AASP\laughter\laughter20.wav .;
.C:\projekte\twoEars\twoears-data\sound_databases\IEEE_AASP\laughter\laughter24.wav .;
.C:\projekte\twoEars\twoears-data\sound_databases\IEEE_AASP\laughter\laughter08.wav .;
.C:\projekte\twoEars\twoears-data\sound_databases\IEEE_AASP\laughter\laughter02.wav .;
.C:\projekte\twoEars\twoears-data\sound_databases\IEEE_AASP\laughter\laughter21.wav .;
.C:\projekte\twoEars\twoears-data\sound_databases\IEEE_AASP\laughter\laughter14.wav .;
.C:\projekte\twoEars\twoears-data\sound_databases\IEEE_AASP\laughter\laughter22.wav .;
.C:\projekte\twoEars\twoears-data\sound_databases\IEEE_AASP\laughter\laughter16.wav .;
.C:\projekte\twoEars\twoears-data\sound_databases\IEEE_AASP\mouse\mouse18.wav .;
.C:\projekte\twoEars\twoears-data\sound_databases\IEEE_AASP\mouse\mouse21.wav .;
.C:\projekte\twoEars\twoears-data\sound_databases\IEEE_AASP\mouse\mouse01.wav .;
.C:\projekte\twoEars\twoears-data\sound_databases\IEEE_AASP\mouse\mouse12.wav .;
.C:\projekte\twoEars\twoears-data\sound_databases\IEEE_AASP\mouse\mouse22.wav .;
.C:\projekte\twoEars\twoears-data\sound_databases\IEEE_AASP\mouse\mouse13.wav .;
.C:\projekte\twoEars\twoears-data\sound_databases\IEEE_AASP\mouse\mouse14.wav .;
.C:\projekte\twoEars\twoears-data\sound_databases\IEEE_AASP\mouse\mouse15.wav .;
.C:\projekte\twoEars\twoears-data\sound_databases\IEEE_AASP\mouse\mouse03.wav .;
.C:\projekte\twoEars\twoears-data\sound_databases\IEEE_AASP\mouse\mouse04.wav .;
.C:\projekte\twoEars\twoears-data\sound_databases\IEEE_AASP\mouse\mouse08.wav .;
.C:\projekte\twoEars\twoears-data\sound_databases\IEEE_AASP\mouse\mouse05.wav .;
.C:\projekte\twoEars\twoears-data\sound_databases\IEEE_AASP\mouse\mouse11.wav .;
.C:\projekte\twoEars\twoears-data\sound_databases\IEEE_AASP\mouse\mouse20.wav .;
.C:\projekte\twoEars\twoears-data\sound_databases\IEEE_AASP\mouse\mouse09.wav .;
.C:\projekte\twoEars\twoears-data\sound_databases\IEEE_AASP\mouse\mouse10.wav .;
.C:\projekte\twoEars\twoears-data\sound_databases\IEEE_AASP\mouse\mouse07.wav .;
.C:\projekte\twoEars\twoears-data\sound_databases\IEEE_AASP\mouse\mouse06.wav .;
.C:\projekte\twoEars\twoears-data\sound_databases\IEEE_AASP\mouse\mouse02.wav .;
.C:\projekte\twoEars\twoears-data\sound_databases\IEEE_AASP\mouse\mouse17.wav .;
.C:\projekte\twoEars\twoears-data\sound_databases\IEEE_AASP\pageturn\pageturn15.wav .;
.C:\projekte\twoEars\twoears-data\sound_databases\IEEE_AASP\pageturn\pageturn09.wav .;
.C:\projekte\twoEars\twoears-data\sound_databases\IEEE_AASP\pageturn\pageturn21.wav .;
.C:\projekte\twoEars\twoears-data\sound_databases\IEEE_AASP\pageturn\pageturn03.wav .;
.C:\projekte\twoEars\twoears-data\sound_databases\IEEE_AASP\pageturn\pageturn07.wav .;
.C:\projekte\twoEars\twoears-data\sound_databases\IEEE_AASP\pageturn\pageturn14.wav .;
.C:\projekte\twoEars\twoears-data\sound_databases\IEEE_AASP\pageturn\pageturn16.wav .;
.C:\projekte\twoEars\twoears-data\sound_databases\IEEE_AASP\pageturn\pageturn12.wav .;
.C:\projekte\twoEars\twoears-data\sound_databases\IEEE_AASP\pageturn\pageturn17.wav .;
.C:\projekte\twoEars\twoears-data\sound_databases\IEEE_AASP\pageturn\pageturn01.wav .;
.C:\projekte\twoEars\twoears-data\sound_databases\IEEE_AASP\pageturn\pageturn11.wav .;
.C:\projekte\twoEars\twoears-data\sound_databases\IEEE_AASP\pageturn\pageturn02.wav .;
.C:\projekte\twoEars\twoears-data\sound_databases\IEEE_AASP\pageturn\pageturn19.wav .;
.C:\projekte\twoEars\twoears-data\sound_databases\IEEE_AASP\pageturn\pageturn10.wav .;
.C:\projekte\twoEars\twoears-data\sound_databases\IEEE_AASP\pageturn\pageturn18.wav .;
.C:\projekte\twoEars\twoears-data\sound_databases\IEEE_AASP\pageturn\pageturn08.wav .;
.C:\projekte\twoEars\twoears-data\sound_databases\IEEE_AASP\pageturn\pageturn06.wav .;
.C:\projekte\twoEars\twoears-data\sound_databases\IEEE_AASP\pageturn\pageturn04.wav .;
.C:\projekte\twoEars\twoears-data\sound_databases\IEEE_AASP\pageturn\pageturn20.wav .;
.C:\projekte\twoEars\twoears-data\sound_databases\IEEE_AASP\pageturn\pageturn22.wav .;
.C:\projekte\twoEars\twoears-data\sound_databases\IEEE_AASP\pendrop\pendrop16.wav .;
.C:\projekte\twoEars\twoears-data\sound_databases\IEEE_AASP\pendrop\pendrop18.wav .;
.C:\projekte\twoEars\twoears-data\sound_databases\IEEE_AASP\pendrop\pendrop02.wav .;
.C:\projekte\twoEars\twoears-data\sound_databases\IEEE_AASP\pendrop\pendrop07.wav .;
.C:\projekte\twoEars\twoears-data\sound_databases\IEEE_AASP\pendrop\pendrop12.wav .;
.C:\projekte\twoEars\twoears-data\sound_databases\IEEE_AASP\pendrop\pendrop01.wav .;
.C:\projekte\twoEars\twoears-data\sound_databases\IEEE_AASP\pendrop\pendrop14.wav .;
.C:\projekte\twoEars\twoears-data\sound_databases\IEEE_AASP\pendrop\pendrop20.wav .;
.C:\projekte\twoEars\twoears-data\sound_databases\IEEE_AASP\pendrop\pendrop05.wav .;
.C:\projekte\twoEars\twoears-data\sound_databases\IEEE_AASP\pendrop\pendrop15.wav .;
.C:\projekte\twoEars\twoears-data\sound_databases\IEEE_AASP\pendrop\pendrop04.wav .;
.C:\projekte\twoEars\twoears-data\sound_databases\IEEE_AASP\pendrop\pendrop06.wav .;
.C:\projekte\twoEars\twoears-data\sound_databases\IEEE_AASP\pendrop\pendrop08.wav .;
.C:\projekte\twoEars\twoears-data\sound_databases\IEEE_AASP\pendrop\pendrop17.wav .;
.C:\projekte\twoEars\twoears-data\sound_databases\IEEE_AASP\pendrop\pendrop10.wav .;
.C:\projekte\twoEars\twoears-data\sound_databases\IEEE_AASP\pendrop\pendrop09.wav .;
.C:\projekte\twoEars\twoears-data\sound_databases\IEEE_AASP\pendrop\pendrop19.wav .;
.C:\projekte\twoEars\twoears-data\sound_databases\IEEE_AASP\pendrop\pendrop21.wav .;
.C:\projekte\twoEars\twoears-data\sound_databases\IEEE_AASP\pendrop\pendrop11.wav .;
.C:\projekte\twoEars\twoears-data\sound_databases\IEEE_AASP\pendrop\pendrop03.wav .;
.C:\projekte\twoEars\twoears-data\sound_databases\IEEE_AASP\phone\phone03.wav .;
.C:\projekte\twoEars\twoears-data\sound_databases\IEEE_AASP\phone\phone05.wav .;
.C:\projekte\twoEars\twoears-data\sound_databases\IEEE_AASP\phone\phone07.wav .;
.C:\projekte\twoEars\twoears-data\sound_databases\IEEE_AASP\phone\phone08.wav .;
.C:\projekte\twoEars\twoears-data\sound_databases\IEEE_AASP\phone\phone02.wav .;
.C:\projekte\twoEars\twoears-data\sound_databases\IEEE_AASP\phone\phone12.wav .;
.C:\projekte\twoEars\twoears-data\sound_databases\IEEE_AASP\phone\phone09.wav .;
.C:\projekte\twoEars\twoears-data\sound_databases\IEEE_AASP\phone\phone16.wav .;
.C:\projekte\twoEars\twoears-data\sound_databases\IEEE_AASP\phone\phone21.wav .;
.C:\projekte\twoEars\twoears-data\sound_databases\IEEE_AASP\phone\phone17.wav .;
.C:\projekte\twoEars\twoears-data\sound_databases\IEEE_AASP\phone\phone11.wav .;
.C:\projekte\twoEars\twoears-data\sound_databases\IEEE_AASP\phone\phone15.wav .;
.C:\projekte\twoEars\twoears-data\sound_databases\IEEE_AASP\phone\phone10.wav .;
.C:\projekte\twoEars\twoears-data\sound_databases\IEEE_AASP\phone\phone19.wav .;
.C:\projekte\twoEars\twoears-data\sound_databases\IEEE_AASP\phone\phone13.wav .;
.C:\projekte\twoEars\twoears-data\sound_databases\IEEE_AASP\phone\phone18.wav .;
.C:\projekte\twoEars\twoears-data\sound_databases\IEEE_AASP\phone\phone04.wav .;
.C:\projekte\twoEars\twoears-data\sound_databases\IEEE_AASP\phone\phone06.wav .;
.C:\projekte\twoEars\twoears-data\sound_databases\IEEE_AASP\phone\phone20.wav .;
.C:\projekte\twoEars\twoears-data\sound_databases\IEEE_AASP\phone\phone01.wav .;
.C:\projekte\twoEars\twoears-data\sound_databases\IEEE_AASP\speech\speech11.wav .;
.C:\projekte\twoEars\twoears-data\sound_databases\IEEE_AASP\speech\speech09.wav .;
.C:\projekte\twoEars\twoears-data\sound_databases\IEEE_AASP\speech\speech17.wav .;
.C:\projekte\twoEars\twoears-data\sound_databases\IEEE_AASP\speech\speech02.wav .;
.C:\projekte\twoEars\twoears-data\sound_databases\IEEE_AASP\speech\speech05.wav .;
.C:\projekte\twoEars\twoears-data\sound_databases\IEEE_AASP\speech\speech06.wav .;
.C:\projekte\twoEars\twoears-data\sound_databases\IEEE_AASP\speech\speech04.wav .;
.C:\projekte\twoEars\twoears-data\sound_databases\IEEE_AASP\speech\speech15.wav .;
.C:\projekte\twoEars\twoears-data\sound_databases\IEEE_AASP\speech\speech03.wav .;
.C:\projekte\twoEars\twoears-data\sound_databases\IEEE_AASP\speech\speech01.wav .;
.C:\projekte\twoEars\twoears-data\sound_databases\IEEE_AASP\speech\speech08.wav .;
.C:\projekte\twoEars\twoears-data\sound_databases\IEEE_AASP\speech\speech19.wav .;
.C:\projekte\twoEars\twoears-data\sound_databases\IEEE_AASP\speech\speech14.wav .;
.C:\projekte\twoEars\twoears-data\sound_databases\IEEE_AASP\speech\speech07.wav .;
.C:\projekte\twoEars\twoears-data\sound_databases\IEEE_AASP\speech\speech13.wav .;
.C:\projekte\twoEars\twoears-data\sound_databases\IEEE_AASP\speech\speech10.wav .;
.C:\projekte\twoEars\twoears-data\sound_databases\IEEE_AASP\speech\speech20.wav .;
.C:\projekte\twoEars\twoears-data\sound_databases\IEEE_AASP\speech\speech16.wav .;
.C:\projekte\twoEars\twoears-data\sound_databases\IEEE_AASP\speech\speech18.wav .;
.C:\projekte\twoEars\twoears-data\sound_databases\IEEE_AASP\speech\speech12.wav .;
.C:\projekte\twoEars\twoears-data\sound_databases\IEEE_AASP\switch\switch10.wav .;
.C:\projekte\twoEars\twoears-data\sound_databases\IEEE_AASP\switch\switch15.wav .;
.C:\projekte\twoEars\twoears-data\sound_databases\IEEE_AASP\switch\switch16.wav .;
.C:\projekte\twoEars\twoears-data\sound_databases\IEEE_AASP\switch\switch04.wav .;
.C:\projekte\twoEars\twoears-data\sound_databases\IEEE_AASP\switch\switch03.wav .;
.C:\projekte\twoEars\twoears-data\sound_databases\IEEE_AASP\switch\switch17.wav .;
.C:\projekte\twoEars\twoears-data\sound_databases\IEEE_AASP\switch\switch14.wav .;
.C:\projekte\twoEars\twoears-data\sound_databases\IEEE_AASP\switch\switch01.wav .;
.C:\projekte\twoEars\twoears-data\sound_databases\IEEE_AASP\switch\switch13.wav .;
.C:\projekte\twoEars\twoears-data\sound_databases\IEEE_AASP\switch\switch11.wav .;
.C:\projekte\twoEars\twoears-data\sound_databases\IEEE_AASP\switch\switch18.wav .;
.C:\projekte\twoEars\twoears-data\sound_databases\IEEE_AASP\switch\switch19.wav .;
.C:\projekte\twoEars\twoears-data\sound_databases\IEEE_AASP\switch\switch05.wav .;
.C:\projekte\twoEars\twoears-data\sound_databases\IEEE_AASP\switch\switch08.wav .;
.C:\projekte\twoEars\twoears-data\sound_databases\IEEE_AASP\switch\switch12.wav .;
.C:\projekte\twoEars\twoears-data\sound_databases\IEEE_AASP\switch\switch02.wav .;
.C:\projekte\twoEars\twoears-data\sound_databases\IEEE_AASP\switch\switch06.wav .;
.C:\projekte\twoEars\twoears-data\sound_databases\IEEE_AASP\switch\switch09.wav .;
.C:\projekte\twoEars\twoears-data\sound_databases\IEEE_AASP\switch\switch20.wav .;
.C:\projekte\twoEars\twoears-data\sound_databases\IEEE_AASP\switch\switch07.wav .;
.C:\projekte\twoEars\twoears-data\sound_databases\IEEE_AASP\void\void16.wav .;
.C:\projekte\twoEars\twoears-data\sound_databases\IEEE_AASP\void\void05.wav .;
.C:\projekte\twoEars\twoears-data\sound_databases\IEEE_AASP\void\void15.wav .;
.C:\projekte\twoEars\twoears-data\sound_databases\IEEE_AASP\void\void20.wav .;
.C:\projekte\twoEars\twoears-data\sound_databases\IEEE_AASP\void\void08.wav .;
.C:\projekte\twoEars\twoears-data\sound_databases\IEEE_AASP\void\void04.wav .;
.C:\projekte\twoEars\twoears-data\sound_databases\IEEE_AASP\void\void13.wav .;
.C:\projekte\twoEars\twoears-data\sound_databases\IEEE_AASP\void\void14.wav .;
.C:\projekte\twoEars\twoears-data\sound_databases\IEEE_AASP\void\void09.wav .;
.C:\projekte\twoEars\twoears-data\sound_databases\IEEE_AASP\void\void12.wav .;
.C:\projekte\twoEars\twoears-data\sound_databases\IEEE_AASP\void\void21.wav .;
.C:\projekte\twoEars\twoears-data\sound_databases\IEEE_AASP\void\void10.wav .;
.C:\projekte\twoEars\twoears-data\sound_databases\IEEE_AASP\void\void02.wav .;
.C:\projekte\twoEars\twoears-data\sound_databases\IEEE_AASP\void\void03.wav .;
.C:\projekte\twoEars\twoears-data\sound_databases\IEEE_AASP\void\void01.wav .;
.C:\projekte\twoEars\twoears-data\sound_databases\IEEE_AASP\void\void19.wav .;
.C:\projekte\twoEars\twoears-data\sound_databases\IEEE_AASP\void\void07.wav .;
.C:\projekte\twoEars\twoears-data\sound_databases\IEEE_AASP\void\void11.wav .;
.C:\projekte\twoEars\twoears-data\sound_databases\IEEE_AASP\void\void06.wav .;
.C:\projekte\twoEars\twoears-data\sound_databases\IEEE_AASP\void\void17.wav .;
.C:\projekte\twoEars\twoears-data\sound_databases\IEEE_AASP\void\void18.wav .;
;
.
....

===================================
##   Training model "clearthroat"
===================================


==  Training model on trainSet...


Run on full trainSet...
GlmNet training with alpha=0.990000
	size(x) = 5033x1082


Run cv to determine best lambda...
Starting run 1 of CV... GlmNet training with alpha=0.990000
	size(x) = 4163x1082

Applying model to test set...
Testing, 	size(x) = 870x1082
Done. Performance = 0.646284
Starting run 2 of CV... GlmNet training with alpha=0.990000
	size(x) = 4086x1082

Applying model to test set...
Testing, 	size(x) = 947x1082
Done. Performance = 0.717132
Starting run 3 of CV... GlmNet training with alpha=0.990000
	size(x) = 4429x1082

Applying model to test set...
Testing, 	size(x) = 604x1082
Done. Performance = 0.371389
Starting run 4 of CV... GlmNet training with alpha=0.990000
	size(x) = 4398x1082

Applying model to test set...
Testing, 	size(x) = 635x1082
Done. Performance = 0.292892
Starting run 5 of CV... GlmNet training with alpha=0.990000
	size(x) = 4448x1082

Applying model to test set...
Testing, 	size(x) = 585x1082
Done. Performance = 0.433978
Starting run 6 of CV... GlmNet training with alpha=0.990000
	size(x) = 4393x1082

Applying model to test set...
Testing, 	size(x) = 640x1082
Done. Performance = 0.292861
Starting run 7 of CV... GlmNet training with alpha=0.990000
	size(x) = 4281x1082

Applying model to test set...
Testing, 	size(x) = 752x1082
Done. Performance = 0.292801
Calculate Performance for all lambdas...
Testing, 	size(x) = 870x1082
.Testing, 	size(x) = 947x1082
.Testing, 	size(x) = 604x1082
.Testing, 	size(x) = 635x1082
.Testing, 	size(x) = 585x1082
.Testing, 	size(x) = 640x1082
.Testing, 	size(x) = 752x1082
.Done

==  Testing model on testSet... 

Testing, 	size(x) = 1138x1082


===================================
##   "clearthroat" Performance: 0.864559
===================================



===================================
##   Training model "keyboard"
===================================


==  Training model on trainSet...


Run on full trainSet...
GlmNet training with alpha=0.990000
	size(x) = 5028x1082


Run cv to determine best lambda...
Starting run 1 of CV... GlmNet training with alpha=0.990000
	size(x) = 4069x1082

Applying model to test set...
Testing, 	size(x) = 959x1082
Done. Performance = 0.760337
Starting run 2 of CV... GlmNet training with alpha=0.990000
	size(x) = 4162x1082

Applying model to test set...
Testing, 	size(x) = 866x1082
Done. Performance = 0.741024
Starting run 3 of CV... GlmNet training with alpha=0.990000
	size(x) = 4452x1082

Applying model to test set...
Testing, 	size(x) = 576x1082
Done. Performance = 0.595498
Starting run 4 of CV... GlmNet training with alpha=0.990000
	size(x) = 4417x1082

Applying model to test set...
Testing, 	size(x) = 611x1082
Done. Performance = 0.815371
Starting run 5 of CV... GlmNet training with alpha=0.990000
	size(x) = 4403x1082

Applying model to test set...
Testing, 	size(x) = 625x1082
Done. Performance = 0.906884
Starting run 6 of CV... GlmNet training with alpha=0.990000
	size(x) = 4273x1082

Applying model to test set...
Testing, 	size(x) = 755x1082
Done. Performance = 0.653133
Starting run 7 of CV... GlmNet training with alpha=0.990000
	size(x) = 4392x1082

Applying model to test set...
Testing, 	size(x) = 636x1082
Done. Performance = 0.741941
Calculate Performance for all lambdas...
Testing, 	size(x) = 959x1082
.Testing, 	size(x) = 866x1082
.Testing, 	size(x) = 576x1082
.Testing, 	size(x) = 611x1082
.Testing, 	size(x) = 625x1082
.Testing, 	size(x) = 755x1082
.Testing, 	size(x) = 636x1082
.Done

==  Testing model on testSet... 

Testing, 	size(x) = 1135x1082


===================================
##   "keyboard" Performance: 0.964162
===================================



===================================
##   Training model "knock"
===================================


==  Training model on trainSet...


Run on full trainSet...
GlmNet training with alpha=0.990000
	size(x) = 5026x1082


Run cv to determine best lambda...
Starting run 1 of CV... GlmNet training with alpha=0.990000
	size(x) = 4077x1082

Applying model to test set...
Testing, 	size(x) = 949x1082
Done. Performance = 1.000000
Starting run 2 of CV... GlmNet training with alpha=0.990000
	size(x) = 4063x1082

Applying model to test set...
Testing, 	size(x) = 963x1082
Done. Performance = 0.998518
Starting run 3 of CV... GlmNet training with alpha=0.990000
	size(x) = 4414x1082

Applying model to test set...
Testing, 	size(x) = 612x1082
Done. Performance = 1.000000
Starting run 4 of CV... GlmNet training with alpha=0.990000
	size(x) = 4312x1082

Applying model to test set...
Testing, 	size(x) = 714x1082
Done. Performance = 0.998008
Starting run 5 of CV... GlmNet training with alpha=0.990000
	size(x) = 4436x1082

Applying model to test set...
Testing, 	size(x) = 590x1082
Done. Performance = 0.998785
Starting run 6 of CV... GlmNet training with alpha=0.990000
	size(x) = 4422x1082

Applying model to test set...
Testing, 	size(x) = 604x1082
Done. Performance = 0.935718
Starting run 7 of CV... GlmNet training with alpha=0.990000
	size(x) = 4432x1082

Applying model to test set...
Testing, 	size(x) = 594x1082
Done. Performance = 0.911612
Calculate Performance for all lambdas...
Testing, 	size(x) = 949x1082
.Testing, 	size(x) = 963x1082
.Testing, 	size(x) = 612x1082
.Testing, 	size(x) = 714x1082
.Testing, 	size(x) = 590x1082
.Testing, 	size(x) = 604x1082
.Testing, 	size(x) = 594x1082
.Done

==  Testing model on testSet... 

Testing, 	size(x) = 1135x1082


===================================
##   "knock" Performance: 0.988026
===================================



===================================
##   Training model "speech"
===================================


==  Training model on trainSet...


Run on full trainSet...
GlmNet training with alpha=0.990000
	size(x) = 5026x1082


Run cv to determine best lambda...
Starting run 1 of CV... GlmNet training with alpha=0.990000
	size(x) = 4186x1082

Applying model to test set...
Testing, 	size(x) = 840x1082
Done. Performance = 0.944747
Starting run 2 of CV... GlmNet training with alpha=0.990000
	size(x) = 4046x1082

Applying model to test set...
Testing, 	size(x) = 980x1082
Done. Performance = 0.846913
Starting run 3 of CV... GlmNet training with alpha=0.990000
	size(x) = 4333x1082

Applying model to test set...
Testing, 	size(x) = 693x1082
Done. Performance = 0.823175
Starting run 4 of CV... GlmNet training with alpha=0.990000
	size(x) = 4445x1082

Applying model to test set...
Testing, 	size(x) = 581x1082
Done. Performance = 0.848429
Starting run 5 of CV... GlmNet training with alpha=0.990000
	size(x) = 4327x1082

Applying model to test set...
Testing, 	size(x) = 699x1082
Done. Performance = 0.795699
Starting run 6 of CV... GlmNet training with alpha=0.990000
	size(x) = 4440x1082

Applying model to test set...
Testing, 	size(x) = 586x1082
Done. Performance = 0.976430
Starting run 7 of CV... GlmNet training with alpha=0.990000
	size(x) = 4379x1082

Applying model to test set...
Testing, 	size(x) = 647x1082
Done. Performance = 0.881886
Calculate Performance for all lambdas...
Testing, 	size(x) = 840x1082
.Testing, 	size(x) = 980x1082
.Testing, 	size(x) = 693x1082
.Testing, 	size(x) = 581x1082
.Testing, 	size(x) = 699x1082
.Testing, 	size(x) = 586x1082
.Testing, 	size(x) = 647x1082
.Done

==  Testing model on testSet... 

Testing, 	size(x) = 1132x1082


===================================
##   "speech" Performance: 0.958866
===================================



===================================
##   Training model "switch"
===================================


==  Training model on trainSet...


Run on full trainSet...
GlmNet training with alpha=0.990000
	size(x) = 5054x1082


Run cv to determine best lambda...
Starting run 1 of CV... GlmNet training with alpha=0.990000
	size(x) = 4002x1082

Applying model to test set...
Testing, 	size(x) = 1052x1082
Done. Performance = 0.997968
Starting run 2 of CV... GlmNet training with alpha=0.990000
	size(x) = 4110x1082

Applying model to test set...
Testing, 	size(x) = 944x1082
Done. Performance = 0.997734
Starting run 3 of CV... GlmNet training with alpha=0.990000
	size(x) = 4498x1082

Applying model to test set...
Testing, 	size(x) = 556x1082
Done. Performance = 0.858433
Starting run 4 of CV... GlmNet training with alpha=0.990000
	size(x) = 4502x1082

Applying model to test set...
Testing, 	size(x) = 552x1082
Done. Performance = 0.469670
Starting run 5 of CV... GlmNet training with alpha=0.990000
	size(x) = 4306x1082

Applying model to test set...
Testing, 	size(x) = 748x1082
Done. Performance = 0.469662
Starting run 6 of CV... GlmNet training with alpha=0.990000
	size(x) = 4466x1082

Applying model to test set...
Testing, 	size(x) = 588x1082
Done. Performance = 0.996368
Starting run 7 of CV... GlmNet training with alpha=0.990000
	size(x) = 4440x1082

Applying model to test set...
Testing, 	size(x) = 614x1082
Done. Performance = 0.994185
Calculate Performance for all lambdas...
Testing, 	size(x) = 1052x1082
.Testing, 	size(x) = 944x1082
.Testing, 	size(x) = 556x1082
.Testing, 	size(x) = 552x1082
.Testing, 	size(x) = 748x1082
.Testing, 	size(x) = 588x1082
.Testing, 	size(x) = 614x1082
.Done

==  Testing model on testSet... 

Testing, 	size(x) = 1143x1082


===================================
##   "switch" Performance: 0.928498
===================================

